# JRE version: OpenJDK Runtime Environment Temurin-21.0.10+7 (21.0.10+7) (build 21.0.10+7-LTS)
# Java VM: OpenJDK 64-Bit Server VM Temurin-21.0.10+7 (21.0.10+7-LTS, mixed mode, sharing, tiered, compressed oops, compressed class ptrs, parallel gc, windows-amd64)
GC Precious Log:
 CardTable entry size: 512
 CPUs: 8 total, 8 available
 Memory: 16122M
 Large Page Support: Disabled
 NUMA Support: Disabled
 Compressed Oops: Enabled (32-bit)
 Alignments: Space 512K, Generation 512K, Heap 2M
 Heap Min Capacity: 100M
 Heap Initial Capacity: 100M
 Heap Max Capacity: 2G
 Pre-touch: Disabled
 Parallel Workers: 8
Heap:
 PSYoungGen      total 5632K, used 4080K [0x00000000d5580000, 0x00000000d5d00000, 0x0000000100000000)
  eden space 5120K, 75% used [0x00000000d5580000,0x00000000d59442e8,0x00000000d5a80000)
  from space 512K, 43% used [0x00000000d5c00000,0x00000000d5c38000,0x00000000d5c80000)
  to   space 512K, 0% used [0x00000000d5c80000,0x00000000d5c80000,0x00000000d5d00000)
 ParOldGen       total 509440K, used 206697K [0x0000000080000000, 0x000000009f180000, 0x00000000d5580000)
  object space 509440K, 40% used [0x0000000080000000,0x000000008c9da420,0x000000009f180000)
 Metaspace       used 87565K, committed 89088K, reserved 1179648K
  class space    used 9008K, committed 9664K, reserved 1048576K
GC Heap History (20 events):
Event: 7348.499 GC heap before
{Heap before GC invocations=1086 (full 4):
 PSYoungGen      total 6656K, used 6240K [0x00000000d5580000, 0x00000000d5d80000, 0x0000000100000000)
  eden space 5120K, 100% used [0x00000000d5580000,0x00000000d5a80000,0x00000000d5a80000)
  from space 1536K, 72% used [0x00000000d5b00000,0x00000000d5c18000,0x00000000d5c80000)
  to   space 1024K, 0% used [0x00000000d5c80000,0x00000000d5c80000,0x00000000d5d80000)
 ParOldGen       total 509440K, used 203914K [0x0000000080000000, 0x000000009f180000, 0x00000000d5580000)
  object space 509440K, 40% used [0x0000000080000000,0x000000008c722b58,0x000000009f180000)
 Metaspace       used 87376K, committed 88832K, reserved 1179648K
  class space    used 9008K, committed 9664K, reserved 1048576K
}
Event: 7348.503 GC heap after
{Heap after GC invocations=1086 (full 4):
 PSYoungGen      total 6144K, used 717K [0x00000000d5580000, 0x00000000d5d80000, 0x0000000100000000)
  eden space 5120K, 0% used [0x00000000d5580000,0x00000000d5580000,0x00000000d5a80000)
  from space 1024K, 70% used [0x00000000d5c80000,0x00000000d5d33698,0x00000000d5d80000)
  to   space 1024K, 0% used [0x00000000d5b80000,0x00000000d5b80000,0x00000000d5c80000)
 ParOldGen       total 509440K, used 204845K [0x0000000080000000, 0x000000009f180000, 0x00000000d5580000)
  object space 509440K, 40% used [0x0000000080000000,0x000000008c80b418,0x000000009f180000)
 Metaspace       used 87376K, committed 88832K, reserved 1179648K
  class space    used 9008K, committed 9664K, reserved 1048576K
}
Event: 7348.604 GC heap before
{Heap before GC invocations=1087 (full 4):
 PSYoungGen      total 6144K, used 5837K [0x00000000d5580000, 0x00000000d5d80000, 0x0000000100000000)
  eden space 5120K, 100% used [0x00000000d5580000,0x00000000d5a80000,0x00000000d5a80000)
  from space 1024K, 70% used [0x00000000d5c80000,0x00000000d5d33698,0x00000000d5d80000)
  to   space 1024K, 0% used [0x00000000d5b80000,0x00000000d5b80000,0x00000000d5c80000)
 ParOldGen       total 509440K, used 204845K [0x0000000080000000, 0x000000009f180000, 0x00000000d5580000)
  object space 509440K, 40% used [0x0000000080000000,0x000000008c80b418,0x000000009f180000)
 Metaspace       used 87397K, committed 88896K, reserved 1179648K
  class space    used 9008K, committed 9664K, reserved 1048576K
}
Event: 7348.608 GC heap after
{Heap after GC invocations=1087 (full 4):
 PSYoungGen      total 6144K, used 784K [0x00000000d5580000, 0x00000000d5d00000, 0x0000000100000000)
  eden space 5120K, 0% used [0x00000000d5580000,0x00000000d5580000,0x00000000d5a80000)
  from space 1024K, 76% used [0x00000000d5b80000,0x00000000d5c44010,0x00000000d5c80000)
  to   space 512K, 0% used [0x00000000d5c80000,0x00000000d5c80000,0x00000000d5d00000)
 ParOldGen       total 509440K, used 205463K [0x0000000080000000, 0x000000009f180000, 0x00000000d5580000)
  object space 509440K, 40% used [0x0000000080000000,0x000000008c8a5de0,0x000000009f180000)
 Metaspace       used 87397K, committed 88896K, reserved 1179648K
  class space    used 9008K, committed 9664K, reserved 1048576K
}
Event: 7348.738 GC heap before
{Heap before GC invocations=1088 (full 4):
 PSYoungGen      total 6144K, used 5904K [0x00000000d5580000, 0x00000000d5d00000, 0x0000000100000000)
  eden space 5120K, 100% used [0x00000000d5580000,0x00000000d5a80000,0x00000000d5a80000)
  from space 1024K, 76% used [0x00000000d5b80000,0x00000000d5c44010,0x00000000d5c80000)
  to   space 512K, 0% used [0x00000000d5c80000,0x00000000d5c80000,0x00000000d5d00000)
 ParOldGen       total 509440K, used 205463K [0x0000000080000000, 0x000000009f180000, 0x00000000d5580000)
  object space 509440K, 40% used [0x0000000080000000,0x000000008c8a5de0,0x000000009f180000)
 Metaspace       used 87401K, committed 88896K, reserved 1179648K
  class space    used 9008K, committed 9664K, reserved 1048576K
}
Event: 7348.740 GC heap after
{Heap after GC invocations=1088 (full 4):
 PSYoungGen      total 5632K, used 192K [0x00000000d5580000, 0x00000000d5d00000, 0x0000000100000000)
  eden space 5120K, 0% used [0x00000000d5580000,0x00000000d5580000,0x00000000d5a80000)
  from space 512K, 37% used [0x00000000d5c80000,0x00000000d5cb0000,0x00000000d5d00000)
  to   space 512K, 0% used [0x00000000d5c00000,0x00000000d5c00000,0x00000000d5c80000)
 ParOldGen       total 509440K, used 206112K [0x0000000080000000, 0x000000009f180000, 0x00000000d5580000)
  object space 509440K, 40% used [0x0000000080000000,0x000000008c9481f8,0x000000009f180000)
 Metaspace       used 87401K, committed 88896K, reserved 1179648K
  class space    used 9008K, committed 9664K, reserved 1048576K
}
Event: 7698.656 GC heap before
{Heap before GC invocations=1089 (full 4):
 PSYoungGen      total 5632K, used 5311K [0x00000000d5580000, 0x00000000d5d00000, 0x0000000100000000)
  eden space 5120K, 99% used [0x00000000d5580000,0x00000000d5a7ffe8,0x00000000d5a80000)
  from space 512K, 37% used [0x00000000d5c80000,0x00000000d5cb0000,0x00000000d5d00000)
  to   space 512K, 0% used [0x00000000d5c00000,0x00000000d5c00000,0x00000000d5c80000)
 ParOldGen       total 509440K, used 206112K [0x0000000080000000, 0x000000009f180000, 0x00000000d5580000)
  object space 509440K, 40% used [0x0000000080000000,0x000000008c9481f8,0x000000009f180000)
 Metaspace       used 87436K, committed 88960K, reserved 1179648K
  class space    used 9008K, committed 9664K, reserved 1048576K
}
Event: 7698.659 GC heap after
{Heap after GC invocations=1089 (full 4):
 PSYoungGen      total 5632K, used 392K [0x00000000d5580000, 0x00000000d5d00000, 0x0000000100000000)
  eden space 5120K, 0% used [0x00000000d5580000,0x00000000d5580000,0x00000000d5a80000)
  from space 512K, 76% used [0x00000000d5c00000,0x00000000d5c62228,0x00000000d5c80000)
  to   space 512K, 0% used [0x00000000d5c80000,0x00000000d5c80000,0x00000000d5d00000)
 ParOldGen       total 509440K, used 206216K [0x0000000080000000, 0x000000009f180000, 0x00000000d5580000)
  object space 509440K, 40% used [0x0000000080000000,0x000000008c9621f8,0x000000009f180000)
 Metaspace       used 87436K, committed 88960K, reserved 1179648K
  class space    used 9008K, committed 9664K, reserved 1048576K
}
Event: 7756.388 GC heap before
{Heap before GC invocations=1090 (full 4):
 PSYoungGen      total 5632K, used 5512K [0x00000000d5580000, 0x00000000d5d00000, 0x0000000100000000)
  eden space 5120K, 100% used [0x00000000d5580000,0x00000000d5a80000,0x00000000d5a80000)
  from space 512K, 76% used [0x00000000d5c00000,0x00000000d5c62228,0x00000000d5c80000)
  to   space 512K, 0% used [0x00000000d5c80000,0x00000000d5c80000,0x00000000d5d00000)
 ParOldGen       total 509440K, used 206216K [0x0000000080000000, 0x000000009f180000, 0x00000000d5580000)
  object space 509440K, 40% used [0x0000000080000000,0x000000008c9621f8,0x000000009f180000)
 Metaspace       used 87471K, committed 89024K, reserved 1179648K
  class space    used 9008K, committed 9664K, reserved 1048576K
}
Event: 7756.390 GC heap after
{Heap after GC invocations=1090 (full 4):
 PSYoungGen      total 5632K, used 256K [0x00000000d5580000, 0x00000000d5d00000, 0x0000000100000000)
  eden space 5120K, 0% used [0x00000000d5580000,0x00000000d5580000,0x00000000d5a80000)
  from space 512K, 50% used [0x00000000d5c80000,0x00000000d5cc0000,0x00000000d5d00000)
  to   space 512K, 0% used [0x00000000d5c00000,0x00000000d5c00000,0x00000000d5c80000)
 ParOldGen       total 509440K, used 206385K [0x0000000080000000, 0x000000009f180000, 0x00000000d5580000)
  object space 509440K, 40% used [0x0000000080000000,0x000000008c98c420,0x000000009f180000)
 Metaspace       used 87471K, committed 89024K, reserved 1179648K
  class space    used 9008K, committed 9664K, reserved 1048576K
}
Event: 7996.125 GC heap before
{Heap before GC invocations=1091 (full 4):
 PSYoungGen      total 5632K, used 5375K [0x00000000d5580000, 0x00000000d5d00000, 0x0000000100000000)
  eden space 5120K, 99% used [0x00000000d5580000,0x00000000d5a7ffe8,0x00000000d5a80000)
  from space 512K, 50% used [0x00000000d5c80000,0x00000000d5cc0000,0x00000000d5d00000)
  to   space 512K, 0% used [0x00000000d5c00000,0x00000000d5c00000,0x00000000d5c80000)
 ParOldGen       total 509440K, used 206385K [0x0000000080000000, 0x000000009f180000, 0x00000000d5580000)
  object space 509440K, 40% used [0x0000000080000000,0x000000008c98c420,0x000000009f180000)
 Metaspace       used 87490K, committed 89024K, reserved 1179648K
  class space    used 9008K, committed 9664K, reserved 1048576K
}
Event: 7996.128 GC heap after
{Heap after GC invocations=1091 (full 4):
 PSYoungGen      total 5632K, used 224K [0x00000000d5580000, 0x00000000d5d00000, 0x0000000100000000)
  eden space 5120K, 0% used [0x00000000d5580000,0x00000000d5580000,0x00000000d5a80000)
  from space 512K, 43% used [0x00000000d5c00000,0x00000000d5c38000,0x00000000d5c80000)
  to   space 512K, 0% used [0x00000000d5c80000,0x00000000d5c80000,0x00000000d5d00000)
 ParOldGen       total 509440K, used 206441K [0x0000000080000000, 0x000000009f180000, 0x00000000d5580000)
  object space 509440K, 40% used [0x0000000080000000,0x000000008c99a420,0x000000009f180000)
 Metaspace       used 87490K, committed 89024K, reserved 1179648K
  class space    used 9008K, committed 9664K, reserved 1048576K
}
Event: 8084.984 GC heap before
{Heap before GC invocations=1092 (full 4):
 PSYoungGen      total 5632K, used 5344K [0x00000000d5580000, 0x00000000d5d00000, 0x0000000100000000)
  eden space 5120K, 100% used [0x00000000d5580000,0x00000000d5a80000,0x00000000d5a80000)
  from space 512K, 43% used [0x00000000d5c00000,0x00000000d5c38000,0x00000000d5c80000)
  to   space 512K, 0% used [0x00000000d5c80000,0x00000000d5c80000,0x00000000d5d00000)
 ParOldGen       total 509440K, used 206441K [0x0000000080000000, 0x000000009f180000, 0x00000000d5580000)
  object space 509440K, 40% used [0x0000000080000000,0x000000008c99a420,0x000000009f180000)
 Metaspace       used 87515K, committed 89024K, reserved 1179648K
  class space    used 9008K, committed 9664K, reserved 1048576K
}
Event: 8084.986 GC heap after
{Heap after GC invocations=1092 (full 4):
 PSYoungGen      total 5632K, used 368K [0x00000000d5580000, 0x00000000d5d00000, 0x0000000100000000)
  eden space 5120K, 0% used [0x00000000d5580000,0x00000000d5580000,0x00000000d5a80000)
  from space 512K, 71% used [0x00000000d5c80000,0x00000000d5cdc010,0x00000000d5d00000)
  to   space 512K, 0% used [0x00000000d5c00000,0x00000000d5c00000,0x00000000d5c80000)
 ParOldGen       total 509440K, used 206497K [0x0000000080000000, 0x000000009f180000, 0x00000000d5580000)
  object space 509440K, 40% used [0x0000000080000000,0x000000008c9a8420,0x000000009f180000)
 Metaspace       used 87515K, committed 89024K, reserved 1179648K
  class space    used 9008K, committed 9664K, reserved 1048576K
}
Event: 8129.143 GC heap before
{Heap before GC invocations=1093 (full 4):
 PSYoungGen      total 5632K, used 5488K [0x00000000d5580000, 0x00000000d5d00000, 0x0000000100000000)
  eden space 5120K, 100% used [0x00000000d5580000,0x00000000d5a80000,0x00000000d5a80000)
  from space 512K, 71% used [0x00000000d5c80000,0x00000000d5cdc010,0x00000000d5d00000)
  to   space 512K, 0% used [0x00000000d5c00000,0x00000000d5c00000,0x00000000d5c80000)
 ParOldGen       total 509440K, used 206497K [0x0000000080000000, 0x000000009f180000, 0x00000000d5580000)
  object space 509440K, 40% used [0x0000000080000000,0x000000008c9a8420,0x000000009f180000)
 Metaspace       used 87540K, committed 89024K, reserved 1179648K
  class space    used 9008K, committed 9664K, reserved 1048576K
}
Event: 8129.145 GC heap after
{Heap after GC invocations=1093 (full 4):
 PSYoungGen      total 5632K, used 256K [0x00000000d5580000, 0x00000000d5d00000, 0x0000000100000000)
  eden space 5120K, 0% used [0x00000000d5580000,0x00000000d5580000,0x00000000d5a80000)
  from space 512K, 50% used [0x00000000d5c00000,0x00000000d5c40000,0x00000000d5c80000)
  to   space 512K, 0% used [0x00000000d5c80000,0x00000000d5c80000,0x00000000d5d00000)
 ParOldGen       total 509440K, used 206585K [0x0000000080000000, 0x000000009f180000, 0x00000000d5580000)
  object space 509440K, 40% used [0x0000000080000000,0x000000008c9be420,0x000000009f180000)
 Metaspace       used 87540K, committed 89024K, reserved 1179648K
  class space    used 9008K, committed 9664K, reserved 1048576K
}
Event: 8191.441 GC heap before
{Heap before GC invocations=1094 (full 4):
 PSYoungGen      total 5632K, used 5376K [0x00000000d5580000, 0x00000000d5d00000, 0x0000000100000000)
  eden space 5120K, 100% used [0x00000000d5580000,0x00000000d5a80000,0x00000000d5a80000)
  from space 512K, 50% used [0x00000000d5c00000,0x00000000d5c40000,0x00000000d5c80000)
  to   space 512K, 0% used [0x00000000d5c80000,0x00000000d5c80000,0x00000000d5d00000)
 ParOldGen       total 509440K, used 206585K [0x0000000080000000, 0x000000009f180000, 0x00000000d5580000)
  object space 509440K, 40% used [0x0000000080000000,0x000000008c9be420,0x000000009f180000)
 Metaspace       used 87546K, committed 89024K, reserved 1179648K
  class space    used 9008K, committed 9664K, reserved 1048576K
}
Event: 8191.443 GC heap after
{Heap after GC invocations=1094 (full 4):
 PSYoungGen      total 5632K, used 192K [0x00000000d5580000, 0x00000000d5d00000, 0x0000000100000000)
  eden space 5120K, 0% used [0x00000000d5580000,0x00000000d5580000,0x00000000d5a80000)
  from space 512K, 37% used [0x00000000d5c80000,0x00000000d5cb0000,0x00000000d5d00000)
  to   space 512K, 0% used [0x00000000d5c00000,0x00000000d5c00000,0x00000000d5c80000)
 ParOldGen       total 509440K, used 206625K [0x0000000080000000, 0x000000009f180000, 0x00000000d5580000)
  object space 509440K, 40% used [0x0000000080000000,0x000000008c9c8420,0x000000009f180000)
 Metaspace       used 87546K, committed 89024K, reserved 1179648K
  class space    used 9008K, committed 9664K, reserved 1048576K
}
Event: 8263.146 GC heap before
{Heap before GC invocations=1095 (full 4):
 PSYoungGen      total 5632K, used 5312K [0x00000000d5580000, 0x00000000d5d00000, 0x0000000100000000)
  eden space 5120K, 100% used [0x00000000d5580000,0x00000000d5a80000,0x00000000d5a80000)
  from space 512K, 37% used [0x00000000d5c80000,0x00000000d5cb0000,0x00000000d5d00000)
  to   space 512K, 0% used [0x00000000d5c00000,0x00000000d5c00000,0x00000000d5c80000)
 ParOldGen       total 509440K, used 206625K [0x0000000080000000, 0x000000009f180000, 0x00000000d5580000)
  object space 509440K, 40% used [0x0000000080000000,0x000000008c9c8420,0x000000009f180000)
 Metaspace       used 87558K, committed 89088K, reserved 1179648K
  class space    used 9008K, committed 9664K, reserved 1048576K
}
Event: 8263.147 GC heap after
{Heap after GC invocations=1095 (full 4):
 PSYoungGen      total 5632K, used 224K [0x00000000d5580000, 0x00000000d5d00000, 0x0000000100000000)
  eden space 5120K, 0% used [0x00000000d5580000,0x00000000d5580000,0x00000000d5a80000)
  from space 512K, 43% used [0x00000000d5c00000,0x00000000d5c38000,0x00000000d5c80000)
  to   space 512K, 0% used [0x00000000d5c80000,0x00000000d5c80000,0x00000000d5d00000)
 ParOldGen       total 509440K, used 206697K [0x0000000080000000, 0x000000009f180000, 0x00000000d5580000)
  object space 509440K, 40% used [0x0000000080000000,0x000000008c9da420,0x000000009f180000)
 Metaspace       used 87558K, committed 89088K, reserved 1179648K
  class space    used 9008K, committed 9664K, reserved 1048576K
}

