# JRE version: OpenJDK Runtime Environment Temurin-21.0.10+7 (21.0.10+7) (build 21.0.10+7-LTS)
# Java VM: OpenJDK 64-Bit Server VM Temurin-21.0.10+7 (21.0.10+7-LTS, mixed mode, sharing, tiered, compressed oops, compressed class ptrs, parallel gc, windows-amd64)
GC Precious Log:
 CardTable entry size: 512
 CPUs: 8 total, 8 available
 Memory: 16122M
 Large Page Support: Disabled
 NUMA Support: Disabled
 Compressed Oops: Enabled (32-bit)
 Alignments: Space 512K, Generation 512K, Heap 2M
 Heap Min Capacity: 100M
 Heap Initial Capacity: 100M
 Heap Max Capacity: 2G
 Pre-touch: Disabled
 Parallel Workers: 8
Heap:
 PSYoungGen      total 20480K, used 19256K [0x00000000d5580000, 0x00000000d6b80000, 0x0000000100000000)
  eden space 18432K, 99% used [0x00000000d5580000,0x00000000d675e078,0x00000000d6780000)
  from space 2048K, 46% used [0x00000000d6800000,0x00000000d68f0000,0x00000000d6a00000)
  to   space 1536K, 0% used [0x00000000d6a00000,0x00000000d6a00000,0x00000000d6b80000)
 ParOldGen       total 68608K, used 65550K [0x0000000080000000, 0x0000000084300000, 0x00000000d5580000)
  object space 68608K, 95% used [0x0000000080000000,0x00000000840038e8,0x0000000084300000)
 Metaspace       used 62429K, committed 63872K, reserved 1114112K
  class space    used 6559K, committed 7232K, reserved 1048576K
GC Heap History (20 events):
Event: 10.549 GC heap before
{Heap before GC invocations=35 (full 2):
 PSYoungGen      total 20992K, used 20701K [0x00000000d5580000, 0x00000000d7400000, 0x0000000100000000)
  eden space 18432K, 100% used [0x00000000d5580000,0x00000000d6780000,0x00000000d6780000)
  from space 2560K, 88% used [0x00000000d7180000,0x00000000d73b7448,0x00000000d7400000)
  to   space 5120K, 0% used [0x00000000d6a00000,0x00000000d6a00000,0x00000000d6f00000)
 ParOldGen       total 68608K, used 52401K [0x0000000080000000, 0x0000000084300000, 0x00000000d5580000)
  object space 68608K, 76% used [0x0000000080000000,0x000000008332c400,0x0000000084300000)
 Metaspace       used 56740K, committed 58176K, reserved 1114112K
  class space    used 6120K, committed 6784K, reserved 1048576K
}
Event: 10.552 GC heap after
{Heap after GC invocations=35 (full 2):
 PSYoungGen      total 23552K, used 1635K [0x00000000d5580000, 0x00000000d7200000, 0x0000000100000000)
  eden space 18432K, 0% used [0x00000000d5580000,0x00000000d5580000,0x00000000d6780000)
  from space 5120K, 31% used [0x00000000d6a00000,0x00000000d6b98d70,0x00000000d6f00000)
  to   space 2560K, 0% used [0x00000000d6f80000,0x00000000d6f80000,0x00000000d7200000)
 ParOldGen       total 68608K, used 54511K [0x0000000080000000, 0x0000000084300000, 0x00000000d5580000)
  object space 68608K, 79% used [0x0000000080000000,0x000000008353bfd8,0x0000000084300000)
 Metaspace       used 56740K, committed 58176K, reserved 1114112K
  class space    used 6120K, committed 6784K, reserved 1048576K
}
Event: 10.692 GC heap before
{Heap before GC invocations=36 (full 2):
 PSYoungGen      total 23552K, used 20067K [0x00000000d5580000, 0x00000000d7200000, 0x0000000100000000)
  eden space 18432K, 100% used [0x00000000d5580000,0x00000000d6780000,0x00000000d6780000)
  from space 5120K, 31% used [0x00000000d6a00000,0x00000000d6b98d70,0x00000000d6f00000)
  to   space 2560K, 0% used [0x00000000d6f80000,0x00000000d6f80000,0x00000000d7200000)
 ParOldGen       total 68608K, used 54511K [0x0000000080000000, 0x0000000084300000, 0x00000000d5580000)
  object space 68608K, 79% used [0x0000000080000000,0x000000008353bfd8,0x0000000084300000)
 Metaspace       used 57080K, committed 58496K, reserved 1114112K
  class space    used 6136K, committed 6784K, reserved 1048576K
}
Event: 10.695 GC heap after
{Heap after GC invocations=36 (full 2):
 PSYoungGen      total 19968K, used 1424K [0x00000000d5580000, 0x00000000d7100000, 0x0000000100000000)
  eden space 18432K, 0% used [0x00000000d5580000,0x00000000d5580000,0x00000000d6780000)
  from space 1536K, 92% used [0x00000000d6f80000,0x00000000d70e4020,0x00000000d7100000)
  to   space 2048K, 0% used [0x00000000d6d00000,0x00000000d6d00000,0x00000000d6f00000)
 ParOldGen       total 68608K, used 55901K [0x0000000080000000, 0x0000000084300000, 0x00000000d5580000)
  object space 68608K, 81% used [0x0000000080000000,0x0000000083697538,0x0000000084300000)
 Metaspace       used 57080K, committed 58496K, reserved 1114112K
  class space    used 6136K, committed 6784K, reserved 1048576K
}
Event: 10.955 GC heap before
{Heap before GC invocations=37 (full 2):
 PSYoungGen      total 19968K, used 19856K [0x00000000d5580000, 0x00000000d7100000, 0x0000000100000000)
  eden space 18432K, 100% used [0x00000000d5580000,0x00000000d6780000,0x00000000d6780000)
  from space 1536K, 92% used [0x00000000d6f80000,0x00000000d70e4020,0x00000000d7100000)
  to   space 2048K, 0% used [0x00000000d6d00000,0x00000000d6d00000,0x00000000d6f00000)
 ParOldGen       total 68608K, used 55901K [0x0000000080000000, 0x0000000084300000, 0x00000000d5580000)
  object space 68608K, 81% used [0x0000000080000000,0x0000000083697538,0x0000000084300000)
 Metaspace       used 57562K, committed 59008K, reserved 1114112K
  class space    used 6168K, committed 6848K, reserved 1048576K
}
Event: 10.960 GC heap after
{Heap after GC invocations=37 (full 2):
 PSYoungGen      total 20480K, used 2042K [0x00000000d5580000, 0x00000000d7180000, 0x0000000100000000)
  eden space 18432K, 0% used [0x00000000d5580000,0x00000000d5580000,0x00000000d6780000)
  from space 2048K, 99% used [0x00000000d6d00000,0x00000000d6efe980,0x00000000d6f00000)
  to   space 2560K, 0% used [0x00000000d6f00000,0x00000000d6f00000,0x00000000d7180000)
 ParOldGen       total 68608K, used 58027K [0x0000000080000000, 0x0000000084300000, 0x00000000d5580000)
  object space 68608K, 84% used [0x0000000080000000,0x00000000838aaef0,0x0000000084300000)
 Metaspace       used 57562K, committed 59008K, reserved 1114112K
  class space    used 6168K, committed 6848K, reserved 1048576K
}
Event: 11.212 GC heap before
{Heap before GC invocations=38 (full 2):
 PSYoungGen      total 20480K, used 20474K [0x00000000d5580000, 0x00000000d7180000, 0x0000000100000000)
  eden space 18432K, 100% used [0x00000000d5580000,0x00000000d6780000,0x00000000d6780000)
  from space 2048K, 99% used [0x00000000d6d00000,0x00000000d6efe980,0x00000000d6f00000)
  to   space 2560K, 0% used [0x00000000d6f00000,0x00000000d6f00000,0x00000000d7180000)
 ParOldGen       total 68608K, used 58027K [0x0000000080000000, 0x0000000084300000, 0x00000000d5580000)
  object space 68608K, 84% used [0x0000000080000000,0x00000000838aaef0,0x0000000084300000)
 Metaspace       used 57910K, committed 59328K, reserved 1114112K
  class space    used 6176K, committed 6848K, reserved 1048576K
}
Event: 11.218 GC heap after
{Heap after GC invocations=38 (full 2):
 PSYoungGen      total 20992K, used 2528K [0x00000000d5580000, 0x00000000d7380000, 0x0000000100000000)
  eden space 18432K, 0% used [0x00000000d5580000,0x00000000d5580000,0x00000000d6780000)
  from space 2560K, 98% used [0x00000000d6f00000,0x00000000d7178030,0x00000000d7180000)
  to   space 6144K, 0% used [0x00000000d6780000,0x00000000d6780000,0x00000000d6d80000)
 ParOldGen       total 68608K, used 61096K [0x0000000080000000, 0x0000000084300000, 0x00000000d5580000)
  object space 68608K, 89% used [0x0000000080000000,0x0000000083baa0e0,0x0000000084300000)
 Metaspace       used 57910K, committed 59328K, reserved 1114112K
  class space    used 6176K, committed 6848K, reserved 1048576K
}
Event: 11.650 GC heap before
{Heap before GC invocations=39 (full 2):
 PSYoungGen      total 20992K, used 18315K [0x00000000d5580000, 0x00000000d7380000, 0x0000000100000000)
  eden space 18432K, 85% used [0x00000000d5580000,0x00000000d64eac70,0x00000000d6780000)
  from space 2560K, 98% used [0x00000000d6f00000,0x00000000d7178030,0x00000000d7180000)
  to   space 6144K, 0% used [0x00000000d6780000,0x00000000d6780000,0x00000000d6d80000)
 ParOldGen       total 68608K, used 61096K [0x0000000080000000, 0x0000000084300000, 0x00000000d5580000)
  object space 68608K, 89% used [0x0000000080000000,0x0000000083baa0e0,0x0000000084300000)
 Metaspace       used 58406K, committed 59776K, reserved 1114112K
  class space    used 6185K, committed 6848K, reserved 1048576K
}
Event: 11.655 GC heap after
{Heap after GC invocations=39 (full 2):
 PSYoungGen      total 21504K, used 3009K [0x00000000d5580000, 0x00000000d6f80000, 0x0000000100000000)
  eden space 18432K, 0% used [0x00000000d5580000,0x00000000d5580000,0x00000000d6780000)
  from space 3072K, 97% used [0x00000000d6780000,0x00000000d6a70480,0x00000000d6a80000)
  to   space 4096K, 0% used [0x00000000d6b80000,0x00000000d6b80000,0x00000000d6f80000)
 ParOldGen       total 68608K, used 63611K [0x0000000080000000, 0x0000000084300000, 0x00000000d5580000)
  object space 68608K, 92% used [0x0000000080000000,0x0000000083e1ef08,0x0000000084300000)
 Metaspace       used 58406K, committed 59776K, reserved 1114112K
  class space    used 6185K, committed 6848K, reserved 1048576K
}
Event: 11.655 GC heap before
{Heap before GC invocations=40 (full 3):
 PSYoungGen      total 21504K, used 3009K [0x00000000d5580000, 0x00000000d6f80000, 0x0000000100000000)
  eden space 18432K, 0% used [0x00000000d5580000,0x00000000d5580000,0x00000000d6780000)
  from space 3072K, 97% used [0x00000000d6780000,0x00000000d6a70480,0x00000000d6a80000)
  to   space 4096K, 0% used [0x00000000d6b80000,0x00000000d6b80000,0x00000000d6f80000)
 ParOldGen       total 68608K, used 63611K [0x0000000080000000, 0x0000000084300000, 0x00000000d5580000)
  object space 68608K, 92% used [0x0000000080000000,0x0000000083e1ef08,0x0000000084300000)
 Metaspace       used 58406K, committed 59776K, reserved 1114112K
  class space    used 6185K, committed 6848K, reserved 1048576K
}
Event: 11.782 GC heap after
{Heap after GC invocations=40 (full 3):
 PSYoungGen      total 21504K, used 0K [0x00000000d5580000, 0x00000000d6f80000, 0x0000000100000000)
  eden space 18432K, 0% used [0x00000000d5580000,0x00000000d5580000,0x00000000d6780000)
  from space 3072K, 0% used [0x00000000d6780000,0x00000000d6780000,0x00000000d6a80000)
  to   space 4096K, 0% used [0x00000000d6b80000,0x00000000d6b80000,0x00000000d6f80000)
 ParOldGen       total 68608K, used 58814K [0x0000000080000000, 0x0000000084300000, 0x00000000d5580000)
  object space 68608K, 85% used [0x0000000080000000,0x000000008396f898,0x0000000084300000)
 Metaspace       used 58406K, committed 59776K, reserved 1114112K
  class space    used 6185K, committed 6848K, reserved 1048576K
}
Event: 12.690 GC heap before
{Heap before GC invocations=41 (full 3):
 PSYoungGen      total 21504K, used 18432K [0x00000000d5580000, 0x00000000d6f80000, 0x0000000100000000)
  eden space 18432K, 100% used [0x00000000d5580000,0x00000000d6780000,0x00000000d6780000)
  from space 3072K, 0% used [0x00000000d6780000,0x00000000d6780000,0x00000000d6a80000)
  to   space 4096K, 0% used [0x00000000d6b80000,0x00000000d6b80000,0x00000000d6f80000)
 ParOldGen       total 68608K, used 58814K [0x0000000080000000, 0x0000000084300000, 0x00000000d5580000)
  object space 68608K, 85% used [0x0000000080000000,0x000000008396f898,0x0000000084300000)
 Metaspace       used 59076K, committed 60480K, reserved 1114112K
  class space    used 6208K, committed 6848K, reserved 1048576K
}
Event: 12.694 GC heap after
{Heap after GC invocations=41 (full 3):
 PSYoungGen      total 22528K, used 3483K [0x00000000d5580000, 0x00000000d6f80000, 0x0000000100000000)
  eden space 18432K, 0% used [0x00000000d5580000,0x00000000d5580000,0x00000000d6780000)
  from space 4096K, 85% used [0x00000000d6b80000,0x00000000d6ee6d10,0x00000000d6f80000)
  to   space 4096K, 0% used [0x00000000d6780000,0x00000000d6780000,0x00000000d6b80000)
 ParOldGen       total 68608K, used 58822K [0x0000000080000000, 0x0000000084300000, 0x00000000d5580000)
  object space 68608K, 85% used [0x0000000080000000,0x0000000083971898,0x0000000084300000)
 Metaspace       used 59076K, committed 60480K, reserved 1114112K
  class space    used 6208K, committed 6848K, reserved 1048576K
}
Event: 13.153 GC heap before
{Heap before GC invocations=42 (full 3):
 PSYoungGen      total 22528K, used 21915K [0x00000000d5580000, 0x00000000d6f80000, 0x0000000100000000)
  eden space 18432K, 100% used [0x00000000d5580000,0x00000000d6780000,0x00000000d6780000)
  from space 4096K, 85% used [0x00000000d6b80000,0x00000000d6ee6d10,0x00000000d6f80000)
  to   space 4096K, 0% used [0x00000000d6780000,0x00000000d6780000,0x00000000d6b80000)
 ParOldGen       total 68608K, used 58822K [0x0000000080000000, 0x0000000084300000, 0x00000000d5580000)
  object space 68608K, 85% used [0x0000000080000000,0x0000000083971898,0x0000000084300000)
 Metaspace       used 59463K, committed 60864K, reserved 1114112K
  class space    used 6219K, committed 6848K, reserved 1048576K
}
Event: 13.161 GC heap after
{Heap after GC invocations=42 (full 3):
 PSYoungGen      total 21504K, used 2838K [0x00000000d5580000, 0x00000000d6e80000, 0x0000000100000000)
  eden space 18432K, 0% used [0x00000000d5580000,0x00000000d5580000,0x00000000d6780000)
  from space 3072K, 92% used [0x00000000d6780000,0x00000000d6a458e0,0x00000000d6a80000)
  to   space 3584K, 0% used [0x00000000d6b00000,0x00000000d6b00000,0x00000000d6e80000)
 ParOldGen       total 68608K, used 62144K [0x0000000080000000, 0x0000000084300000, 0x00000000d5580000)
  object space 68608K, 90% used [0x0000000080000000,0x0000000083cb0350,0x0000000084300000)
 Metaspace       used 59463K, committed 60864K, reserved 1114112K
  class space    used 6219K, committed 6848K, reserved 1048576K
}
Event: 13.604 GC heap before
{Heap before GC invocations=43 (full 3):
 PSYoungGen      total 21504K, used 21270K [0x00000000d5580000, 0x00000000d6e80000, 0x0000000100000000)
  eden space 18432K, 100% used [0x00000000d5580000,0x00000000d6780000,0x00000000d6780000)
  from space 3072K, 92% used [0x00000000d6780000,0x00000000d6a458e0,0x00000000d6a80000)
  to   space 3584K, 0% used [0x00000000d6b00000,0x00000000d6b00000,0x00000000d6e80000)
 ParOldGen       total 68608K, used 62144K [0x0000000080000000, 0x0000000084300000, 0x00000000d5580000)
  object space 68608K, 90% used [0x0000000080000000,0x0000000083cb0350,0x0000000084300000)
 Metaspace       used 60285K, committed 61696K, reserved 1114112K
  class space    used 6303K, committed 6976K, reserved 1048576K
}
Event: 13.608 GC heap after
{Heap after GC invocations=43 (full 3):
 PSYoungGen      total 19456K, used 1024K [0x00000000d5580000, 0x00000000d6c00000, 0x0000000100000000)
  eden space 18432K, 0% used [0x00000000d5580000,0x00000000d5580000,0x00000000d6780000)
  from space 1024K, 100% used [0x00000000d6b00000,0x00000000d6c00000,0x00000000d6c00000)
  to   space 2048K, 0% used [0x00000000d6800000,0x00000000d6800000,0x00000000d6a00000)
 ParOldGen       total 68608K, used 64722K [0x0000000080000000, 0x0000000084300000, 0x00000000d5580000)
  object space 68608K, 94% used [0x0000000080000000,0x0000000083f348d8,0x0000000084300000)
 Metaspace       used 60285K, committed 61696K, reserved 1114112K
  class space    used 6303K, committed 6976K, reserved 1048576K
}
Event: 13.967 GC heap before
{Heap before GC invocations=44 (full 3):
 PSYoungGen      total 19456K, used 19456K [0x00000000d5580000, 0x00000000d6c00000, 0x0000000100000000)
  eden space 18432K, 100% used [0x00000000d5580000,0x00000000d6780000,0x00000000d6780000)
  from space 1024K, 100% used [0x00000000d6b00000,0x00000000d6c00000,0x00000000d6c00000)
  to   space 2048K, 0% used [0x00000000d6800000,0x00000000d6800000,0x00000000d6a00000)
 ParOldGen       total 68608K, used 64722K [0x0000000080000000, 0x0000000084300000, 0x00000000d5580000)
  object space 68608K, 94% used [0x0000000080000000,0x0000000083f348d8,0x0000000084300000)
 Metaspace       used 61526K, committed 63040K, reserved 1114112K
  class space    used 6467K, committed 7168K, reserved 1048576K
}
Event: 13.972 GC heap after
{Heap after GC invocations=44 (full 3):
 PSYoungGen      total 20480K, used 960K [0x00000000d5580000, 0x00000000d6b80000, 0x0000000100000000)
  eden space 18432K, 0% used [0x00000000d5580000,0x00000000d5580000,0x00000000d6780000)
  from space 2048K, 46% used [0x00000000d6800000,0x00000000d68f0000,0x00000000d6a00000)
  to   space 1536K, 0% used [0x00000000d6a00000,0x00000000d6a00000,0x00000000d6b80000)
 ParOldGen       total 68608K, used 65550K [0x0000000080000000, 0x0000000084300000, 0x00000000d5580000)
  object space 68608K, 95% used [0x0000000080000000,0x00000000840038e8,0x0000000084300000)
 Metaspace       used 61526K, committed 63040K, reserved 1114112K
  class space    used 6467K, committed 7168K, reserved 1048576K
}

