# JRE version: OpenJDK Runtime Environment Temurin-21.0.10+7 (21.0.10+7) (build 21.0.10+7-LTS)
# Java VM: OpenJDK 64-Bit Server VM Temurin-21.0.10+7 (21.0.10+7-LTS, mixed mode, sharing, tiered, compressed oops, compressed class ptrs, parallel gc, windows-amd64)
GC Precious Log:
 CardTable entry size: 512
 CPUs: 8 total, 8 available
 Memory: 16122M
 Large Page Support: Disabled
 NUMA Support: Disabled
 Compressed Oops: Enabled (32-bit)
 Alignments: Space 512K, Generation 512K, Heap 2M
 Heap Min Capacity: 100M
 Heap Initial Capacity: 100M
 Heap Max Capacity: 2G
 Pre-touch: Disabled
 Parallel Workers: 8
Heap:
 PSYoungGen      total 13824K, used 5310K [0x00000000d5580000, 0x00000000d6600000, 0x0000000100000000)
  eden space 12800K, 34% used [0x00000000d5580000,0x00000000d59cd680,0x00000000d6200000)
  from space 1024K, 88% used [0x00000000d6280000,0x00000000d63623e8,0x00000000d6380000)
  to   space 2048K, 0% used [0x00000000d6400000,0x00000000d6400000,0x00000000d6600000)
 ParOldGen       total 93696K, used 93215K [0x0000000080000000, 0x0000000085b80000, 0x00000000d5580000)
  object space 93696K, 99% used [0x0000000080000000,0x0000000085b07fc0,0x0000000085b80000)
 Metaspace       used 68126K, committed 69824K, reserved 1114112K
  class space    used 7040K, committed 7744K, reserved 1048576K
GC Heap History (20 events):
Event: 302.819 GC heap before
{Heap before GC invocations=57 (full 3):
 PSYoungGen      total 18944K, used 18923K [0x00000000d5580000, 0x00000000d7480000, 0x0000000100000000)
  eden space 13312K, 100% used [0x00000000d5580000,0x00000000d6280000,0x00000000d6280000)
  from space 5632K, 99% used [0x00000000d6280000,0x00000000d67faf38,0x00000000d6800000)
  to   space 9216K, 0% used [0x00000000d6b80000,0x00000000d6b80000,0x00000000d7480000)
 ParOldGen       total 70656K, used 70230K [0x0000000080000000, 0x0000000084500000, 0x00000000d5580000)
  object space 70656K, 99% used [0x0000000080000000,0x0000000084495ba0,0x0000000084500000)
 Metaspace       used 67264K, committed 68928K, reserved 1114112K
  class space    used 6992K, committed 7744K, reserved 1048576K
}
Event: 302.825 GC heap after
{Heap after GC invocations=57 (full 3):
 PSYoungGen      total 16384K, used 2888K [0x00000000d5580000, 0x00000000d6e80000, 0x0000000100000000)
  eden space 13312K, 0% used [0x00000000d5580000,0x00000000d5580000,0x00000000d6280000)
  from space 3072K, 94% used [0x00000000d6b80000,0x00000000d6e520e8,0x00000000d6e80000)
  to   space 5120K, 0% used [0x00000000d6480000,0x00000000d6480000,0x00000000d6980000)
 ParOldGen       total 76288K, used 75798K [0x0000000080000000, 0x0000000084a80000, 0x00000000d5580000)
  object space 76288K, 99% used [0x0000000080000000,0x0000000084a05b48,0x0000000084a80000)
 Metaspace       used 67264K, committed 68928K, reserved 1114112K
  class space    used 6992K, committed 7744K, reserved 1048576K
}
Event: 304.662 GC heap before
{Heap before GC invocations=58 (full 3):
 PSYoungGen      total 16384K, used 16200K [0x00000000d5580000, 0x00000000d6e80000, 0x0000000100000000)
  eden space 13312K, 100% used [0x00000000d5580000,0x00000000d6280000,0x00000000d6280000)
  from space 3072K, 94% used [0x00000000d6b80000,0x00000000d6e520e8,0x00000000d6e80000)
  to   space 5120K, 0% used [0x00000000d6480000,0x00000000d6480000,0x00000000d6980000)
 ParOldGen       total 76288K, used 75798K [0x0000000080000000, 0x0000000084a80000, 0x00000000d5580000)
  object space 76288K, 99% used [0x0000000080000000,0x0000000084a05b48,0x0000000084a80000)
 Metaspace       used 67358K, committed 69056K, reserved 1114112K
  class space    used 6996K, committed 7744K, reserved 1048576K
}
Event: 304.667 GC heap after
{Heap after GC invocations=58 (full 3):
 PSYoungGen      total 16384K, used 3061K [0x00000000d5580000, 0x00000000d6c00000, 0x0000000100000000)
  eden space 13312K, 0% used [0x00000000d5580000,0x00000000d5580000,0x00000000d6280000)
  from space 3072K, 99% used [0x00000000d6480000,0x00000000d677d7e8,0x00000000d6780000)
  to   space 3584K, 0% used [0x00000000d6880000,0x00000000d6880000,0x00000000d6c00000)
 ParOldGen       total 78336K, used 77862K [0x0000000080000000, 0x0000000084c80000, 0x00000000d5580000)
  object space 78336K, 99% used [0x0000000080000000,0x0000000084c09b68,0x0000000084c80000)
 Metaspace       used 67358K, committed 69056K, reserved 1114112K
  class space    used 6996K, committed 7744K, reserved 1048576K
}
Event: 304.841 GC heap before
{Heap before GC invocations=59 (full 3):
 PSYoungGen      total 16384K, used 16373K [0x00000000d5580000, 0x00000000d6c00000, 0x0000000100000000)
  eden space 13312K, 99% used [0x00000000d5580000,0x00000000d627ffe0,0x00000000d6280000)
  from space 3072K, 99% used [0x00000000d6480000,0x00000000d677d7e8,0x00000000d6780000)
  to   space 3584K, 0% used [0x00000000d6880000,0x00000000d6880000,0x00000000d6c00000)
 ParOldGen       total 78336K, used 77862K [0x0000000080000000, 0x0000000084c80000, 0x00000000d5580000)
  object space 78336K, 99% used [0x0000000080000000,0x0000000084c09b68,0x0000000084c80000)
 Metaspace       used 67410K, committed 69056K, reserved 1114112K
  class space    used 6996K, committed 7744K, reserved 1048576K
}
Event: 304.845 GC heap after
{Heap after GC invocations=59 (full 3):
 PSYoungGen      total 15872K, used 2416K [0x00000000d5580000, 0x00000000d6b00000, 0x0000000100000000)
  eden space 13312K, 0% used [0x00000000d5580000,0x00000000d5580000,0x00000000d6280000)
  from space 2560K, 94% used [0x00000000d6880000,0x00000000d6adc160,0x00000000d6b00000)
  to   space 3072K, 0% used [0x00000000d6500000,0x00000000d6500000,0x00000000d6800000)
 ParOldGen       total 80896K, used 80689K [0x0000000080000000, 0x0000000084f00000, 0x00000000d5580000)
  object space 80896K, 99% used [0x0000000080000000,0x0000000084ecc690,0x0000000084f00000)
 Metaspace       used 67410K, committed 69056K, reserved 1114112K
  class space    used 6996K, committed 7744K, reserved 1048576K
}
Event: 490.114 GC heap before
{Heap before GC invocations=60 (full 3):
 PSYoungGen      total 15872K, used 15728K [0x00000000d5580000, 0x00000000d6b00000, 0x0000000100000000)
  eden space 13312K, 100% used [0x00000000d5580000,0x00000000d6280000,0x00000000d6280000)
  from space 2560K, 94% used [0x00000000d6880000,0x00000000d6adc160,0x00000000d6b00000)
  to   space 3072K, 0% used [0x00000000d6500000,0x00000000d6500000,0x00000000d6800000)
 ParOldGen       total 80896K, used 80689K [0x0000000080000000, 0x0000000084f00000, 0x00000000d5580000)
  object space 80896K, 99% used [0x0000000080000000,0x0000000084ecc690,0x0000000084f00000)
 Metaspace       used 67779K, committed 69440K, reserved 1114112K
  class space    used 7029K, committed 7744K, reserved 1048576K
}
Event: 490.116 GC heap after
{Heap after GC invocations=60 (full 3):
 PSYoungGen      total 13824K, used 416K [0x00000000d5580000, 0x00000000d6900000, 0x0000000100000000)
  eden space 13312K, 0% used [0x00000000d5580000,0x00000000d5580000,0x00000000d6280000)
  from space 512K, 81% used [0x00000000d6500000,0x00000000d6568000,0x00000000d6580000)
  to   space 1536K, 0% used [0x00000000d6780000,0x00000000d6780000,0x00000000d6900000)
 ParOldGen       total 80896K, used 80745K [0x0000000080000000, 0x0000000084f00000, 0x00000000d5580000)
  object space 80896K, 99% used [0x0000000080000000,0x0000000084eda690,0x0000000084f00000)
 Metaspace       used 67779K, committed 69440K, reserved 1114112K
  class space    used 7029K, committed 7744K, reserved 1048576K
}
Event: 835.212 GC heap before
{Heap before GC invocations=61 (full 3):
 PSYoungGen      total 13824K, used 13727K [0x00000000d5580000, 0x00000000d6900000, 0x0000000100000000)
  eden space 13312K, 99% used [0x00000000d5580000,0x00000000d627ff98,0x00000000d6280000)
  from space 512K, 81% used [0x00000000d6500000,0x00000000d6568000,0x00000000d6580000)
  to   space 1536K, 0% used [0x00000000d6780000,0x00000000d6780000,0x00000000d6900000)
 ParOldGen       total 80896K, used 80745K [0x0000000080000000, 0x0000000084f00000, 0x00000000d5580000)
  object space 80896K, 99% used [0x0000000080000000,0x0000000084eda690,0x0000000084f00000)
 Metaspace       used 67883K, committed 69568K, reserved 1114112K
  class space    used 7034K, committed 7744K, reserved 1048576K
}
Event: 835.216 GC heap after
{Heap after GC invocations=61 (full 3):
 PSYoungGen      total 14848K, used 1524K [0x00000000d5580000, 0x00000000d6900000, 0x0000000100000000)
  eden space 13312K, 0% used [0x00000000d5580000,0x00000000d5580000,0x00000000d6280000)
  from space 1536K, 99% used [0x00000000d6780000,0x00000000d68fd290,0x00000000d6900000)
  to   space 2560K, 0% used [0x00000000d6400000,0x00000000d6400000,0x00000000d6680000)
 ParOldGen       total 81920K, used 81441K [0x0000000080000000, 0x0000000085000000, 0x00000000d5580000)
  object space 81920K, 99% used [0x0000000080000000,0x0000000084f88690,0x0000000085000000)
 Metaspace       used 67883K, committed 69568K, reserved 1114112K
  class space    used 7034K, committed 7744K, reserved 1048576K
}
Event: 835.318 GC heap before
{Heap before GC invocations=62 (full 3):
 PSYoungGen      total 14848K, used 14836K [0x00000000d5580000, 0x00000000d6900000, 0x0000000100000000)
  eden space 13312K, 100% used [0x00000000d5580000,0x00000000d6280000,0x00000000d6280000)
  from space 1536K, 99% used [0x00000000d6780000,0x00000000d68fd290,0x00000000d6900000)
  to   space 2560K, 0% used [0x00000000d6400000,0x00000000d6400000,0x00000000d6680000)
 ParOldGen       total 81920K, used 81441K [0x0000000080000000, 0x0000000085000000, 0x00000000d5580000)
  object space 81920K, 99% used [0x0000000080000000,0x0000000084f88690,0x0000000085000000)
 Metaspace       used 67888K, committed 69568K, reserved 1114112K
  class space    used 7034K, committed 7744K, reserved 1048576K
}
Event: 835.322 GC heap after
{Heap after GC invocations=62 (full 3):
 PSYoungGen      total 15872K, used 2537K [0x00000000d5580000, 0x00000000d6c80000, 0x0000000100000000)
  eden space 13312K, 0% used [0x00000000d5580000,0x00000000d5580000,0x00000000d6280000)
  from space 2560K, 99% used [0x00000000d6400000,0x00000000d667a618,0x00000000d6680000)
  to   space 5120K, 0% used [0x00000000d6780000,0x00000000d6780000,0x00000000d6c80000)
 ParOldGen       total 83456K, used 83139K [0x0000000080000000, 0x0000000085180000, 0x00000000d5580000)
  object space 83456K, 99% used [0x0000000080000000,0x0000000085130fb8,0x0000000085180000)
 Metaspace       used 67888K, committed 69568K, reserved 1114112K
  class space    used 7034K, committed 7744K, reserved 1048576K
}
Event: 835.444 GC heap before
{Heap before GC invocations=63 (full 3):
 PSYoungGen      total 15872K, used 15849K [0x00000000d5580000, 0x00000000d6c80000, 0x0000000100000000)
  eden space 13312K, 100% used [0x00000000d5580000,0x00000000d6280000,0x00000000d6280000)
  from space 2560K, 99% used [0x00000000d6400000,0x00000000d667a618,0x00000000d6680000)
  to   space 5120K, 0% used [0x00000000d6780000,0x00000000d6780000,0x00000000d6c80000)
 ParOldGen       total 83456K, used 83139K [0x0000000080000000, 0x0000000085180000, 0x00000000d5580000)
  object space 83456K, 99% used [0x0000000080000000,0x0000000085130fb8,0x0000000085180000)
 Metaspace       used 67926K, committed 69632K, reserved 1114112K
  class space    used 7039K, committed 7744K, reserved 1048576K
}
Event: 835.451 GC heap after
{Heap after GC invocations=63 (full 3):
 PSYoungGen      total 17920K, used 5069K [0x00000000d5580000, 0x00000000d6d80000, 0x0000000100000000)
  eden space 12800K, 0% used [0x00000000d5580000,0x00000000d5580000,0x00000000d6200000)
  from space 5120K, 99% used [0x00000000d6780000,0x00000000d6c737d0,0x00000000d6c80000)
  to   space 5632K, 0% used [0x00000000d6200000,0x00000000d6200000,0x00000000d6780000)
 ParOldGen       total 86016K, used 85667K [0x0000000080000000, 0x0000000085400000, 0x00000000d5580000)
  object space 86016K, 99% used [0x0000000080000000,0x00000000853a8fc8,0x0000000085400000)
 Metaspace       used 67926K, committed 69632K, reserved 1114112K
  class space    used 7039K, committed 7744K, reserved 1048576K
}
Event: 835.679 GC heap before
{Heap before GC invocations=64 (full 3):
 PSYoungGen      total 17920K, used 17869K [0x00000000d5580000, 0x00000000d6d80000, 0x0000000100000000)
  eden space 12800K, 100% used [0x00000000d5580000,0x00000000d6200000,0x00000000d6200000)
  from space 5120K, 99% used [0x00000000d6780000,0x00000000d6c737d0,0x00000000d6c80000)
  to   space 5632K, 0% used [0x00000000d6200000,0x00000000d6200000,0x00000000d6780000)
 ParOldGen       total 86016K, used 85667K [0x0000000080000000, 0x0000000085400000, 0x00000000d5580000)
  object space 86016K, 99% used [0x0000000080000000,0x00000000853a8fc8,0x0000000085400000)
 Metaspace       used 67957K, committed 69632K, reserved 1114112K
  class space    used 7039K, committed 7744K, reserved 1048576K
}
Event: 835.687 GC heap after
{Heap after GC invocations=64 (full 3):
 PSYoungGen      total 15360K, used 2271K [0x00000000d5580000, 0x00000000d6900000, 0x0000000100000000)
  eden space 12800K, 0% used [0x00000000d5580000,0x00000000d5580000,0x00000000d6200000)
  from space 2560K, 88% used [0x00000000d6200000,0x00000000d6437cd0,0x00000000d6480000)
  to   space 3584K, 0% used [0x00000000d6580000,0x00000000d6580000,0x00000000d6900000)
 ParOldGen       total 90624K, used 90501K [0x0000000080000000, 0x0000000085880000, 0x00000000d5580000)
  object space 90624K, 99% used [0x0000000080000000,0x00000000858617c8,0x0000000085880000)
 Metaspace       used 67957K, committed 69632K, reserved 1114112K
  class space    used 7039K, committed 7744K, reserved 1048576K
}
Event: 835.940 GC heap before
{Heap before GC invocations=65 (full 3):
 PSYoungGen      total 15360K, used 15071K [0x00000000d5580000, 0x00000000d6900000, 0x0000000100000000)
  eden space 12800K, 100% used [0x00000000d5580000,0x00000000d6200000,0x00000000d6200000)
  from space 2560K, 88% used [0x00000000d6200000,0x00000000d6437cd0,0x00000000d6480000)
  to   space 3584K, 0% used [0x00000000d6580000,0x00000000d6580000,0x00000000d6900000)
 ParOldGen       total 90624K, used 90501K [0x0000000080000000, 0x0000000085880000, 0x00000000d5580000)
  object space 90624K, 99% used [0x0000000080000000,0x00000000858617c8,0x0000000085880000)
 Metaspace       used 68002K, committed 69696K, reserved 1114112K
  class space    used 7040K, committed 7744K, reserved 1048576K
}
Event: 835.946 GC heap after
{Heap after GC invocations=65 (full 3):
 PSYoungGen      total 15872K, used 2734K [0x00000000d5580000, 0x00000000d6880000, 0x0000000100000000)
  eden space 12800K, 0% used [0x00000000d5580000,0x00000000d5580000,0x00000000d6200000)
  from space 3072K, 89% used [0x00000000d6580000,0x00000000d682b858,0x00000000d6880000)
  to   space 3072K, 0% used [0x00000000d6280000,0x00000000d6280000,0x00000000d6580000)
 ParOldGen       total 92672K, used 92449K [0x0000000080000000, 0x0000000085a80000, 0x00000000d5580000)
  object space 92672K, 99% used [0x0000000080000000,0x0000000085a48558,0x0000000085a80000)
 Metaspace       used 68002K, committed 69696K, reserved 1114112K
  class space    used 7040K, committed 7744K, reserved 1048576K
}
Event: 838.003 GC heap before
{Heap before GC invocations=66 (full 3):
 PSYoungGen      total 15872K, used 15534K [0x00000000d5580000, 0x00000000d6880000, 0x0000000100000000)
  eden space 12800K, 100% used [0x00000000d5580000,0x00000000d6200000,0x00000000d6200000)
  from space 3072K, 89% used [0x00000000d6580000,0x00000000d682b858,0x00000000d6880000)
  to   space 3072K, 0% used [0x00000000d6280000,0x00000000d6280000,0x00000000d6580000)
 ParOldGen       total 92672K, used 92449K [0x0000000080000000, 0x0000000085a80000, 0x00000000d5580000)
  object space 92672K, 99% used [0x0000000080000000,0x0000000085a48558,0x0000000085a80000)
 Metaspace       used 68086K, committed 69696K, reserved 1114112K
  class space    used 7040K, committed 7744K, reserved 1048576K
}
Event: 838.006 GC heap after
{Heap after GC invocations=66 (full 3):
 PSYoungGen      total 13824K, used 904K [0x00000000d5580000, 0x00000000d6600000, 0x0000000100000000)
  eden space 12800K, 0% used [0x00000000d5580000,0x00000000d5580000,0x00000000d6200000)
  from space 1024K, 88% used [0x00000000d6280000,0x00000000d63623e8,0x00000000d6380000)
  to   space 2048K, 0% used [0x00000000d6400000,0x00000000d6400000,0x00000000d6600000)
 ParOldGen       total 93696K, used 93215K [0x0000000080000000, 0x0000000085b80000, 0x00000000d5580000)
  object space 93696K, 99% used [0x0000000080000000,0x0000000085b07fc0,0x0000000085b80000)
 Metaspace       used 68086K, committed 69696K, reserved 1114112K
  class space    used 7040K, committed 7744K, reserved 1048576K
}

